2025-04-29 13:59:27,990 - INFO - Iniciando creación de infraestructura con 2 servidores
2025-04-29 14:01:22,678 - INFO - Iniciando creación de infraestructura con 2 servidores
2025-04-29 14:01:24,617 - INFO - Imagen ubuntu2004 importada con éxito.
2025-04-29 14:01:24,673 - INFO - 134.3.0.1/24 asignada correctamente al bridge: lxdbr0
2025-04-29 14:01:24,734 - INFO - Bridge configurado correctamente: lxdbr0
2025-04-29 14:01:26,408 - INFO - Bridge creado: lxdbr1
2025-04-29 14:01:27,306 - INFO - 134.3.1.1/24 asignada correctamente al bridge: lxdbr1
2025-04-29 14:01:30,755 - INFO - Bridge configurado correctamente: lxdbr1
2025-04-29 14:01:41,170 - INFO - Contenedor s1 creado con éxito.
2025-04-29 18:43:55,368 - INFO - Iniciando creación de infraestructura con 2 servidores
2025-04-29 18:43:59,865 - INFO - Imagen ubuntu2004 importada con éxito.
2025-04-29 18:49:16,371 - INFO - Iniciando creación de infraestructura con 2 servidores
2025-04-29 18:49:18,119 - INFO - Imagen ubuntu2004 importada con éxito.
2025-04-29 18:49:18,958 - INFO - 134.3.0.1/24 asignada correctamente al bridge: lxdbr0
2025-04-29 18:49:19,028 - INFO - Bridge configurado correctamente: lxdbr0
2025-04-30 00:28:09,937 - INFO - Iniciando creación de infraestructura con 2 servidores
2025-04-30 00:28:11,741 - INFO - Imagen ubuntu2004 importada con éxito.
2025-04-30 00:28:42,813 - INFO - Eliminando toda la infraestructura
2025-04-30 00:28:42,889 - INFO - Imagen local eliminada con éxito.
2025-04-30 00:28:51,803 - INFO - Iniciando creación de infraestructura con 2 servidores
2025-04-30 00:28:53,616 - INFO - Imagen ubuntu2004 importada con éxito.
2025-04-30 00:28:55,256 - INFO - Bridge creado: lxdbr0
2025-04-30 00:28:56,189 - INFO - 134.3.0.1/24 asignada correctamente al bridge: lxdbr0
2025-04-30 00:28:59,707 - INFO - Bridge configurado correctamente: lxdbr0
2025-04-30 00:29:01,311 - INFO - Bridge creado: lxdbr1
2025-04-30 00:29:38,216 - INFO - Eliminando toda la infraestructura
2025-04-30 00:29:38,298 - INFO - Imagen local eliminada con éxito.
2025-04-30 00:37:05,153 - INFO - Eliminando toda la infraestructura
2025-04-30 00:37:05,173 - INFO - Imagen local eliminada con éxito.
2025-04-30 00:40:57,443 - INFO - Iniciando creación de infraestructura con 2 servidores
2025-04-30 00:40:59,250 - INFO - Imagen ubuntu2004 importada con éxito.
2025-04-30 00:41:16,308 - INFO - Eliminando toda la infraestructura
2025-04-30 00:41:16,383 - INFO - Imagen local eliminada con éxito.
2025-04-30 00:41:29,249 - INFO - Iniciando creación de infraestructura con 2 servidores
2025-04-30 00:41:31,054 - INFO - Imagen ubuntu2004 importada con éxito.
2025-04-30 00:41:31,082 - INFO - 134.3.0.1/24 asignada correctamente al bridge: lxdbr0
2025-04-30 00:41:31,145 - INFO - Bridge configurado correctamente: lxdbr0
2025-04-30 00:41:32,752 - INFO - Bridge creado: lxdbr1
2025-04-30 01:07:38,861 - INFO - Iniciando creación de infraestructura con 2 servidores
2025-04-30 01:07:40,668 - INFO - Imagen ubuntu2004 importada con éxito.
2025-04-30 01:07:41,559 - INFO - 134.3.0.1/24 asignada correctamente al bridge: lxdbr0
2025-04-30 01:07:45,073 - INFO - Bridge configurado correctamente: lxdbr0
2025-04-30 01:07:46,687 - INFO - Bridge creado: lxdbr1
2025-04-30 19:47:38,713 - INFO - Iniciando creación de infraestructura con 2 servidores
2025-04-30 19:47:41,751 - INFO - Imagen ubuntu2004 importada con éxito.
2025-04-30 19:47:41,779 - INFO - 134.3.0.1/24 asignada correctamente al bridge: lxdbr0
2025-04-30 19:47:41,833 - INFO - Bridge configurado correctamente: lxdbr0
2025-04-30 19:47:43,446 - INFO - Bridge creado: lxdbr1
2025-04-30 19:47:44,362 - INFO - 134.3.1.1/24 asignada correctamente al bridge: lxdbr1
2025-04-30 19:47:47,689 - INFO - Bridge configurado correctamente: lxdbr1
2025-04-30 19:47:57,457 - INFO - Contenedor s1 creado con éxito.
2025-04-30 19:47:57,498 - INFO - Conectando s1 al bridge lxdbr0 por eth0
2025-04-30 19:47:57,536 - INFO - Contenedor s1 conectado a eth0 con ip 134.3.0.11 
2025-04-30 19:48:07,211 - INFO - Contenedor s2 creado con éxito.
2025-04-30 19:48:07,243 - INFO - Conectando s2 al bridge lxdbr0 por eth0
2025-04-30 19:48:07,273 - INFO - Contenedor s2 conectado a eth0 con ip 134.3.0.12 
2025-04-30 19:48:17,180 - INFO - Contenedor lb creado con éxito.
2025-04-30 19:48:17,212 - INFO - Conectando lb al bridge lxdbr0 por eth0
2025-04-30 19:48:17,246 - INFO - Contenedor lb conectado a eth0 con ip 134.3.0.10 
2025-04-30 19:48:17,282 - INFO - Conectando lb al bridge lxdbr1 por eth1
2025-04-30 19:48:17,313 - INFO - Contenedor lb conectado a eth1 con ip 134.3.1.10 
2025-04-30 19:48:27,273 - INFO - Contenedor cl creado con éxito.
2025-04-30 19:48:27,306 - INFO - Conectando cl al bridge lxdbr1 por eth1
2025-04-30 19:48:27,338 - INFO - Contenedor cl conectado a eth1 con ip 134.3.1.11 
2025-04-30 19:48:27,340 - INFO - Número de servidores 2 guardados correctamente
2025-04-30 19:48:27,340 - INFO - Infraestructura creada correctamente.
2025-04-30 19:48:36,758 - INFO - Contenedor iniciado: s1
2025-04-30 19:48:37,069 - INFO - Contenedor iniciado: s2
2025-04-30 19:48:37,965 - INFO - Contenedor iniciado: cl
2025-04-30 19:48:38,556 - INFO - Contenedor iniciado: lb
2025-04-30 19:48:38,556 - INFO - Todos los contenedores han sido iniciados
2025-04-30 19:48:38,557 - INFO - Consola del contenedor {c} abierta correctamente
2025-04-30 19:48:38,561 - INFO - Consola del contenedor {c} abierta correctamente
2025-04-30 19:48:38,566 - INFO - Consola del contenedor {c} abierta correctamente
2025-04-30 19:48:38,573 - INFO - Consola del contenedor {c} abierta correctamente
2025-04-30 19:49:06,844 - INFO - Listando contenedores
2025-04-30 19:58:46,146 - INFO - Buscando servidor libre para crear...
2025-04-30 19:59:49,550 - INFO - Buscando servidor libre para crear...
2025-04-30 19:59:49,590 - INFO - Creando nuevo servidor disponible: s3
2025-04-30 19:59:59,251 - INFO - Contenedor s3 creado con éxito.
2025-04-30 19:59:59,289 - INFO - Conectando s3 al bridge lxdbr0 por eth0
2025-04-30 19:59:59,322 - INFO - Contenedor s3 conectado a eth0 con ip 134.3.0.13 
2025-04-30 20:01:28,481 - INFO - Listando contenedores
2025-04-30 20:01:41,512 - INFO - Buscando servidor libre para crear...
2025-04-30 20:01:41,556 - INFO - Creando nuevo servidor disponible: s3
2025-04-30 20:01:51,499 - INFO - Contenedor s3 creado con éxito.
2025-04-30 20:01:51,617 - INFO - Conectando s3 al bridge lxdbr0 por eth0
2025-04-30 20:01:51,671 - INFO - Contenedor s3 conectado a eth0 con ip 134.3.0.13 
2025-04-30 20:01:51,672 - INFO - Servidor s3 creado correctamente con IP 134.3.0.13 
2025-04-30 20:02:05,656 - INFO - Solicitado arrancar servidor: 3
2025-04-30 20:02:05,656 - ERROR - Nombre de servidor inválido: 3
2025-04-30 20:02:13,191 - INFO - Solicitado arrancar servidor: s3
2025-04-30 20:02:13,506 - INFO - Contenedor iniciado: s3
2025-04-30 20:02:13,506 - INFO - Servidor s3 corriendo correctamente.
2025-04-30 20:02:25,780 - INFO - Solicitado parar servidor: s3
2025-04-30 20:02:27,605 - INFO - Contenedor parado: s3
2025-04-30 20:02:27,605 - INFO - Servidor s3 detenido correctamente.
2025-04-30 20:02:40,531 - INFO - Buscando último servidor para eliminar...
2025-04-30 20:02:40,577 - INFO - Eliminando servidor: s3
2025-04-30 20:02:41,395 - INFO - Contenedor eliminado: s3
2025-04-30 20:02:41,395 - INFO - Servidor s3 eliminado correctamente.
2025-04-30 20:02:57,387 - INFO - Eliminando toda la infraestructura
2025-04-30 20:02:57,458 - INFO - Imagen local eliminada con éxito.
2025-04-30 20:02:59,218 - INFO - Contenedor eliminado: s1
2025-04-30 20:03:00,994 - INFO - Contenedor eliminado: s2
2025-04-30 20:03:02,795 - INFO - Contenedor eliminado: cl
2025-04-30 20:03:04,877 - INFO - Contenedor eliminado: lb
2025-04-30 20:03:05,187 - INFO - Bridge eliminado: lxdbr0
2025-04-30 20:03:05,498 - INFO - Bridge eliminado: lxdbr1
2025-04-30 20:03:05,498 - INFO - Eliminación completada.
2025-04-30 20:04:49,667 - INFO - Iniciando creación de infraestructura con 1 servidores
2025-04-30 20:04:51,340 - INFO - Imagen ubuntu2004 importada con éxito.
2025-04-30 20:05:37,014 - INFO - Iniciando creación de infraestructura con 1 servidores
2025-04-30 20:05:38,672 - INFO - Imagen ubuntu2004 importada con éxito.
2025-04-30 20:05:40,305 - INFO - Bridge creado: lxdbr0
2025-04-30 20:05:41,183 - INFO - 134.3.0.1/24 asignada correctamente al bridge: lxdbr0
2025-04-30 20:05:44,578 - INFO - Bridge configurado correctamente: lxdbr0
2025-04-30 20:05:46,188 - INFO - Bridge creado: lxdbr1
2025-04-30 20:05:47,035 - INFO - 134.3.1.1/24 asignada correctamente al bridge: lxdbr1
2025-04-30 20:05:50,368 - INFO - Bridge configurado correctamente: lxdbr1
2025-04-30 20:05:59,866 - INFO - Contenedor s1 creado con éxito.
2025-04-30 20:05:59,899 - INFO - Conectando s1 al bridge lxdbr0 por eth0
2025-04-30 20:05:59,928 - INFO - Contenedor s1 conectado a eth0 con ip 134.3.0.11 
2025-04-30 20:06:09,568 - INFO - Contenedor lb creado con éxito.
2025-04-30 20:06:09,627 - INFO - Conectando lb al bridge lxdbr0 por eth0
2025-04-30 20:06:09,681 - INFO - Contenedor lb conectado a eth0 con ip 134.3.0.10 
2025-04-30 20:06:09,723 - INFO - Conectando lb al bridge lxdbr1 por eth1
2025-04-30 20:06:09,770 - INFO - Contenedor lb conectado a eth1 con ip 134.3.1.10 
2025-04-30 20:06:10,154 - INFO - Contenedor iniciado: lb
2025-04-30 20:06:35,635 - INFO - Eliminando toda la infraestructura
2025-04-30 20:06:35,705 - INFO - Imagen local eliminada con éxito.
2025-04-30 20:06:36,570 - INFO - Contenedor eliminado: s1
2025-04-30 20:07:20,895 - INFO - Iniciando creación de infraestructura con 1 servidores
2025-04-30 20:07:22,555 - INFO - Imagen ubuntu2004 importada con éxito.
2025-04-30 20:07:24,164 - INFO - Bridge creado: lxdbr0
2025-04-30 20:07:25,051 - INFO - 134.3.0.1/24 asignada correctamente al bridge: lxdbr0
2025-04-30 20:07:28,423 - INFO - Bridge configurado correctamente: lxdbr0
2025-04-30 20:07:31,054 - INFO - Bridge creado: lxdbr1
2025-04-30 20:07:31,922 - INFO - 134.3.1.1/24 asignada correctamente al bridge: lxdbr1
2025-04-30 20:07:35,251 - INFO - Bridge configurado correctamente: lxdbr1
2025-04-30 20:07:44,756 - INFO - Contenedor s1 creado con éxito.
2025-04-30 20:07:44,796 - INFO - Conectando s1 al bridge lxdbr0 por eth0
2025-04-30 20:07:44,826 - INFO - Contenedor s1 conectado a eth0 con ip 134.3.0.11 
2025-04-30 20:07:55,775 - INFO - Contenedor lb creado con éxito.
2025-04-30 20:07:55,809 - INFO - Conectando lb al bridge lxdbr0 por eth0
2025-04-30 20:07:55,840 - INFO - Contenedor lb conectado a eth0 con ip 134.3.0.10 
2025-04-30 20:07:55,876 - INFO - Conectando lb al bridge lxdbr1 por eth1
2025-04-30 20:07:55,907 - INFO - Contenedor lb conectado a eth1 con ip 134.3.1.10 
2025-04-30 20:07:56,262 - INFO - Contenedor iniciado: lb
2025-04-30 20:09:01,661 - INFO - Contenedor parado: lb
2025-04-30 20:09:11,374 - INFO - Contenedor cl creado con éxito.
2025-04-30 20:09:11,459 - INFO - Conectando cl al bridge lxdbr1 por eth1
2025-04-30 20:09:11,503 - INFO - Contenedor cl conectado a eth1 con ip 134.3.1.11 
2025-04-30 20:09:11,505 - INFO - Número de servidores 1 guardados correctamente
2025-04-30 20:09:11,505 - INFO - Infraestructura creada correctamente.
2025-04-30 20:09:25,070 - INFO - Listando contenedores
2025-04-30 20:09:30,399 - INFO - Contenedor iniciado: s1
2025-04-30 20:09:30,638 - INFO - Contenedor iniciado: cl
2025-04-30 20:09:31,050 - INFO - Contenedor iniciado: lb
2025-04-30 20:09:31,050 - INFO - Todos los contenedores han sido iniciados
2025-04-30 20:09:31,051 - INFO - Consola del contenedor s1 abierta correctamente
2025-04-30 20:09:31,056 - INFO - Consola del contenedor cl abierta correctamente
2025-04-30 20:09:31,061 - INFO - Consola del contenedor lb abierta correctamente
2025-04-30 20:09:37,428 - INFO - Listando contenedores
2025-04-30 20:13:42,713 - INFO - Eliminando toda la infraestructura
2025-04-30 20:13:42,784 - INFO - Imagen local eliminada con éxito.
2025-04-30 20:13:44,490 - INFO - Contenedor eliminado: s1
2025-04-30 20:13:46,259 - INFO - Contenedor eliminado: cl
2025-04-30 20:13:48,201 - INFO - Contenedor eliminado: lb
2025-04-30 20:13:48,559 - INFO - Bridge eliminado: lxdbr0
2025-04-30 20:13:48,922 - INFO - Bridge eliminado: lxdbr1
2025-04-30 20:13:48,923 - INFO - Eliminación completada.
2025-04-30 20:13:55,447 - INFO - Listando contenedores
2025-04-30 20:13:58,749 - INFO - Iniciando creación de infraestructura con 1 servidores
2025-04-30 20:14:00,423 - INFO - Imagen ubuntu2004 importada con éxito.
2025-04-30 20:14:02,042 - INFO - Bridge creado: lxdbr0
2025-04-30 20:14:02,910 - INFO - 134.3.0.1/24 asignada correctamente al bridge: lxdbr0
2025-04-30 20:14:06,268 - INFO - Bridge configurado correctamente: lxdbr0
2025-04-30 20:14:07,898 - INFO - Bridge creado: lxdbr1
2025-04-30 20:14:08,800 - INFO - 134.3.1.1/24 asignada correctamente al bridge: lxdbr1
2025-04-30 20:14:12,150 - INFO - Bridge configurado correctamente: lxdbr1
2025-04-30 20:14:21,740 - INFO - Contenedor s1 creado con éxito.
2025-04-30 20:14:21,772 - INFO - Conectando s1 al bridge lxdbr0 por eth0
2025-04-30 20:14:21,799 - INFO - Contenedor s1 conectado a eth0 con ip 134.3.0.11 
2025-04-30 20:14:31,719 - INFO - Contenedor lb creado con éxito.
2025-04-30 20:14:31,751 - INFO - Conectando lb al bridge lxdbr0 por eth0
2025-04-30 20:14:31,783 - INFO - Contenedor lb conectado a eth0 con ip 134.3.0.10 
2025-04-30 20:14:31,820 - INFO - Conectando lb al bridge lxdbr1 por eth1
2025-04-30 20:14:31,850 - INFO - Contenedor lb conectado a eth1 con ip 134.3.1.10 
2025-04-30 20:14:32,252 - INFO - Contenedor iniciado: lb
2025-04-30 20:16:44,778 - INFO - Contenedor parado: lb
2025-04-30 20:16:54,309 - INFO - Contenedor cl creado con éxito.
2025-04-30 20:16:54,353 - INFO - Conectando cl al bridge lxdbr1 por eth1
2025-04-30 20:16:54,385 - INFO - Contenedor cl conectado a eth1 con ip 134.3.1.11 
2025-04-30 20:16:54,670 - INFO - Contenedor iniciado: cl
2025-04-30 20:17:13,777 - INFO - Contenedor parado: cl
2025-04-30 20:17:13,779 - INFO - Número de servidores 1 guardados correctamente
2025-04-30 20:17:13,779 - INFO - Infraestructura creada correctamente.
2025-04-30 20:17:25,297 - INFO - Contenedor iniciado: s1
2025-04-30 20:17:25,578 - INFO - Contenedor iniciado: cl
2025-04-30 20:17:25,990 - INFO - Contenedor iniciado: lb
2025-04-30 20:17:25,990 - INFO - Todos los contenedores han sido iniciados
2025-04-30 20:17:25,991 - INFO - Consola del contenedor s1 abierta correctamente
2025-04-30 20:17:26,004 - INFO - Consola del contenedor cl abierta correctamente
2025-04-30 20:17:26,016 - INFO - Consola del contenedor lb abierta correctamente
2025-04-30 20:17:31,896 - INFO - Listando contenedores
2025-04-30 20:55:53,509 - INFO - Iniciando creación de infraestructura con 1 servidores
2025-04-30 20:55:59,290 - INFO - Imagen ubuntu2004 importada con éxito.
2025-04-30 20:55:59,339 - INFO - 134.3.0.1/24 asignada correctamente al bridge: lxdbr0
2025-04-30 20:56:00,254 - INFO - Bridge configurado correctamente: lxdbr0
2025-04-30 20:56:01,923 - INFO - Bridge creado: lxdbr1
2025-04-30 20:56:02,758 - INFO - 134.3.1.1/24 asignada correctamente al bridge: lxdbr1
2025-04-30 20:56:06,237 - INFO - Bridge configurado correctamente: lxdbr1
2025-04-30 20:56:15,890 - INFO - Contenedor s1 creado con éxito.
2025-04-30 20:56:16,403 - INFO - Conectando s1 al bridge lxdbr0 por eth0
2025-04-30 20:56:17,017 - INFO - Contenedor s1 conectado a eth0 con ip 134.3.0.11 
2025-04-30 20:56:27,115 - INFO - Contenedor lb creado con éxito.
2025-04-30 20:56:27,315 - INFO - Conectando lb al bridge lxdbr0 por eth0
2025-04-30 20:56:27,437 - INFO - Contenedor lb conectado a eth0 con ip 134.3.0.10 
2025-04-30 20:56:27,711 - INFO - Conectando lb al bridge lxdbr1 por eth1
2025-04-30 20:56:27,777 - INFO - Contenedor lb conectado a eth1 con ip 134.3.1.10 
2025-04-30 20:56:28,190 - INFO - Contenedor iniciado: lb
2025-04-30 20:57:57,848 - INFO - Contenedor parado: lb
2025-04-30 20:58:08,086 - INFO - Contenedor cl creado con éxito.
2025-04-30 20:58:08,425 - INFO - Conectando cl al bridge lxdbr1 por eth1
2025-04-30 20:58:08,570 - INFO - Contenedor cl conectado a eth1 con ip 134.3.1.11 
2025-04-30 20:58:09,860 - INFO - Contenedor iniciado: cl
2025-04-30 20:59:39,041 - INFO - Contenedor parado: cl
2025-04-30 20:59:39,043 - INFO - Número de servidores 1 guardados correctamente
2025-04-30 20:59:39,044 - INFO - Infraestructura creada correctamente.
2025-04-30 21:02:01,042 - INFO - Contenedor iniciado: s1
2025-04-30 21:02:01,502 - INFO - Contenedor iniciado: cl
2025-04-30 21:02:01,958 - INFO - Contenedor iniciado: lb
2025-04-30 21:02:01,958 - INFO - Todos los contenedores han sido iniciados
2025-04-30 21:02:01,961 - INFO - Consola del contenedor s1 abierta correctamente
2025-04-30 21:02:01,964 - INFO - Consola del contenedor cl abierta correctamente
2025-04-30 21:02:01,972 - INFO - Consola del contenedor lb abierta correctamente
2025-04-30 21:02:42,865 - INFO - Listando contenedores
2025-04-30 22:09:53,468 - INFO - Iniciando creación de infraestructura con 1 servidores
2025-04-30 22:09:56,235 - INFO - Imagen ubuntu2004 importada con éxito.
2025-04-30 22:09:57,835 - INFO - Bridge creado: lxdbr0
2025-04-30 22:09:58,718 - INFO - 134.3.0.1/24 asignada correctamente al bridge: lxdbr0
2025-04-30 22:10:02,234 - INFO - Bridge configurado correctamente: lxdbr0
2025-04-30 22:10:03,841 - INFO - Bridge creado: lxdbr1
2025-04-30 22:10:04,737 - INFO - 134.3.1.1/24 asignada correctamente al bridge: lxdbr1
2025-04-30 22:10:08,392 - INFO - Bridge configurado correctamente: lxdbr1
2025-04-30 22:10:18,096 - INFO - Contenedor s1 creado con éxito.
2025-04-30 22:10:18,128 - INFO - Conectando s1 al bridge lxdbr0 por eth0
2025-04-30 22:10:18,160 - INFO - Contenedor s1 conectado a eth0 con ip 134.3.0.11 
2025-04-30 22:10:27,871 - INFO - Contenedor lb creado con éxito.
2025-04-30 22:10:28,175 - INFO - Conectando lb al bridge lxdbr0 por eth0
2025-04-30 22:10:28,452 - INFO - Contenedor lb conectado a eth0 con ip 134.3.0.10 
2025-04-30 22:10:29,172 - INFO - Conectando lb al bridge lxdbr1 por eth1
2025-04-30 22:10:29,271 - INFO - Contenedor lb conectado a eth1 con ip 134.3.1.10 
2025-04-30 22:10:29,893 - INFO - Contenedor iniciado: lb
2025-04-30 22:10:51,427 - INFO - Contenedor parado: lb
2025-04-30 22:11:01,125 - INFO - Contenedor cl creado con éxito.
2025-04-30 22:11:01,174 - INFO - Conectando cl al bridge lxdbr1 por eth1
2025-04-30 22:11:01,207 - INFO - Contenedor cl conectado a eth1 con ip 134.3.1.11 
2025-04-30 22:11:01,535 - INFO - Contenedor iniciado: cl
2025-04-30 22:11:19,720 - INFO - Contenedor parado: cl
2025-04-30 22:11:19,721 - INFO - Número de servidores 1 guardados correctamente
2025-04-30 22:11:19,721 - INFO - Infraestructura creada correctamente.
2025-04-30 22:11:29,406 - INFO - Contenedor iniciado: s1
2025-04-30 22:11:29,671 - INFO - Contenedor iniciado: cl
2025-04-30 22:11:30,071 - INFO - Contenedor iniciado: lb
2025-04-30 22:11:30,071 - INFO - Todos los contenedores han sido iniciados
2025-04-30 22:11:30,072 - INFO - Consola del contenedor s1 abierta correctamente
2025-04-30 22:11:30,073 - INFO - Consola del contenedor cl abierta correctamente
2025-04-30 22:11:30,074 - INFO - Consola del contenedor lb abierta correctamente
2025-04-30 22:13:01,202 - INFO - Buscando servidor libre para crear...
2025-04-30 22:13:01,232 - INFO - Creando nuevo servidor disponible: s2
2025-04-30 22:13:11,076 - INFO - Contenedor s2 creado con éxito.
2025-04-30 22:13:11,111 - INFO - Conectando s2 al bridge lxdbr0 por eth0
2025-04-30 22:13:11,140 - INFO - Contenedor s2 conectado a eth0 con ip 134.3.0.12 
2025-04-30 22:13:11,140 - INFO - Servidor s2 creado correctamente con IP 134.3.0.12 
2025-04-30 22:13:27,886 - INFO - Solicitado arrancar servidor: s2
2025-04-30 22:13:28,245 - INFO - Contenedor iniciado: s2
2025-04-30 22:13:28,245 - INFO - Servidor s2 corriendo correctamente.
2025-04-30 22:13:35,710 - INFO - Listando contenedores
2025-04-30 22:16:13,082 - INFO - Eliminando toda la infraestructura
2025-04-30 22:16:13,152 - INFO - Imagen local eliminada con éxito.
2025-04-30 22:16:15,050 - INFO - Contenedor eliminado: s1
2025-04-30 22:16:16,836 - INFO - Contenedor eliminado: cl
2025-04-30 22:16:18,830 - INFO - Contenedor eliminado: lb
2025-04-30 22:16:18,844 - INFO - Bridge eliminado: lxdbr0
2025-04-30 22:16:19,204 - INFO - Bridge eliminado: lxdbr1
2025-04-30 22:16:19,205 - INFO - Eliminación completada.
2025-04-30 22:27:14,169 - INFO - Iniciando creación de infraestructura con 2 servidores
2025-04-30 22:27:15,829 - INFO - Imagen ubuntu2004 importada con éxito.
2025-04-30 22:29:37,087 - INFO - Eliminando toda la infraestructura
2025-04-30 22:29:37,157 - INFO - Imagen local eliminada con éxito.
2025-04-30 22:29:51,742 - INFO - Iniciando creación de infraestructura con 2 servidores
2025-04-30 22:29:53,409 - INFO - Imagen ubuntu2004 importada con éxito.
2025-04-30 22:29:55,032 - INFO - Bridge creado: lxdbr0
2025-04-30 22:29:55,928 - INFO - 134.3.0.1/24 asignada correctamente al bridge: lxdbr0
2025-04-30 22:29:59,467 - INFO - Bridge configurado correctamente: lxdbr0
2025-04-30 22:30:01,086 - INFO - Bridge creado: lxdbr1
2025-04-30 22:30:01,918 - INFO - 134.3.1.1/24 asignada correctamente al bridge: lxdbr1
2025-04-30 22:30:05,468 - INFO - Bridge configurado correctamente: lxdbr1
2025-04-30 22:30:14,918 - INFO - Contenedor s1 creado con éxito.
2025-04-30 22:30:14,951 - INFO - Conectando s1 al bridge lxdbr0 por eth0
2025-04-30 22:30:14,984 - INFO - Contenedor s1 conectado a eth0 con ip 134.3.0.11 
2025-04-30 22:30:24,553 - INFO - Contenedor s2 creado con éxito.
2025-04-30 22:30:24,588 - INFO - Conectando s2 al bridge lxdbr0 por eth0
2025-04-30 22:30:24,641 - INFO - Contenedor s2 conectado a eth0 con ip 134.3.0.12 
2025-04-30 22:30:34,541 - INFO - Contenedor lb creado con éxito.
2025-04-30 22:30:34,574 - INFO - Conectando lb al bridge lxdbr0 por eth0
2025-04-30 22:30:34,600 - INFO - Contenedor lb conectado a eth0 con ip 134.3.0.10 
2025-04-30 22:30:34,632 - INFO - Conectando lb al bridge lxdbr1 por eth1
2025-04-30 22:30:34,660 - INFO - Contenedor lb conectado a eth1 con ip 134.3.1.10 
2025-04-30 22:30:35,075 - INFO - Contenedor iniciado: lb
2025-04-30 22:31:52,683 - INFO - Contenedor parado: lb
2025-04-30 22:32:02,156 - INFO - Contenedor cl creado con éxito.
2025-04-30 22:32:02,251 - INFO - Conectando cl al bridge lxdbr1 por eth1
2025-04-30 22:32:02,283 - INFO - Contenedor cl conectado a eth1 con ip 134.3.1.11 
2025-04-30 22:32:02,617 - INFO - Contenedor iniciado: cl
2025-04-30 22:32:16,716 - INFO - Contenedor parado: cl
2025-04-30 22:32:16,718 - INFO - Número de servidores 2 guardados correctamente
2025-04-30 22:32:16,718 - INFO - Infraestructura creada correctamente.
2025-04-30 22:32:31,865 - INFO - Contenedor iniciado: s1
2025-04-30 22:32:32,120 - INFO - Contenedor iniciado: s2
2025-04-30 22:32:32,399 - INFO - Contenedor iniciado: cl
2025-04-30 22:32:32,820 - INFO - Contenedor iniciado: lb
2025-04-30 22:32:32,820 - INFO - Todos los contenedores han sido iniciados
2025-04-30 22:32:32,821 - INFO - Consola del contenedor s1 abierta correctamente
2025-04-30 22:32:32,825 - INFO - Consola del contenedor s2 abierta correctamente
2025-04-30 22:32:32,833 - INFO - Consola del contenedor cl abierta correctamente
2025-04-30 22:32:32,859 - INFO - Consola del contenedor lb abierta correctamente
2025-04-30 22:32:38,703 - INFO - Listando contenedores
2025-05-01 11:29:31,156 - INFO - Iniciando creación de infraestructura con 4 servidores
2025-05-01 11:29:36,852 - INFO - Imagen ubuntu2004 importada con éxito.
2025-05-01 11:29:37,764 - INFO - 134.3.0.1/24 asignada correctamente al bridge: lxdbr0
2025-05-01 11:29:41,373 - INFO - Bridge configurado correctamente: lxdbr0
2025-05-01 11:29:43,041 - INFO - Bridge creado: lxdbr1
2025-05-01 11:29:43,957 - INFO - 134.3.1.1/24 asignada correctamente al bridge: lxdbr1
2025-05-01 11:29:47,538 - INFO - Bridge configurado correctamente: lxdbr1
2025-05-01 11:29:57,188 - INFO - Contenedor s1 creado con éxito.
2025-05-01 11:29:57,225 - INFO - Conectando s1 al bridge lxdbr0 por eth0
2025-05-01 11:29:57,255 - INFO - Contenedor s1 conectado a eth0 con ip 134.3.0.11 
2025-05-01 11:30:07,300 - INFO - Contenedor s2 creado con éxito.
2025-05-01 11:30:07,342 - INFO - Conectando s2 al bridge lxdbr0 por eth0
2025-05-01 11:30:07,375 - INFO - Contenedor s2 conectado a eth0 con ip 134.3.0.12 
2025-05-01 11:30:17,421 - INFO - Contenedor s3 creado con éxito.
2025-05-01 11:30:17,512 - INFO - Conectando s3 al bridge lxdbr0 por eth0
2025-05-01 11:30:17,559 - INFO - Contenedor s3 conectado a eth0 con ip 134.3.0.13 
2025-05-01 11:30:27,838 - INFO - Contenedor s4 creado con éxito.
2025-05-01 11:30:27,879 - INFO - Conectando s4 al bridge lxdbr0 por eth0
2025-05-01 11:30:27,928 - INFO - Contenedor s4 conectado a eth0 con ip 134.3.0.14 
2025-05-01 11:30:38,335 - INFO - Contenedor lb creado con éxito.
2025-05-01 11:30:38,425 - INFO - Conectando lb al bridge lxdbr0 por eth0
2025-05-01 11:30:38,494 - INFO - Contenedor lb conectado a eth0 con ip 134.3.0.10 
2025-05-01 11:30:38,574 - INFO - Conectando lb al bridge lxdbr1 por eth1
2025-05-01 11:30:38,627 - INFO - Contenedor lb conectado a eth1 con ip 134.3.1.10 
2025-05-01 11:30:39,043 - INFO - Contenedor iniciado: lb
2025-05-01 11:31:04,605 - INFO - Contenedor parado: lb
2025-05-01 11:31:14,311 - INFO - Contenedor cl creado con éxito.
2025-05-01 11:31:14,351 - INFO - Conectando cl al bridge lxdbr1 por eth1
2025-05-01 11:31:14,384 - INFO - Contenedor cl conectado a eth1 con ip 134.3.1.11 
2025-05-01 11:31:14,824 - INFO - Contenedor iniciado: cl
2025-05-01 11:31:31,962 - INFO - Contenedor parado: cl
2025-05-01 11:31:31,963 - INFO - Número de servidores 4 guardados correctamente
2025-05-01 11:31:31,963 - INFO - Infraestructura creada correctamente.
2025-05-01 11:31:42,670 - INFO - Contenedor iniciado: s1
2025-05-01 11:31:42,922 - INFO - Contenedor iniciado: s2
2025-05-01 11:31:43,229 - INFO - Contenedor iniciado: s3
2025-05-01 11:31:43,547 - INFO - Contenedor iniciado: s4
2025-05-01 11:31:44,227 - INFO - Contenedor iniciado: cl
2025-05-01 11:31:44,968 - INFO - Contenedor iniciado: lb
2025-05-01 11:31:44,968 - INFO - Todos los contenedores han sido iniciados
2025-05-01 11:31:44,972 - INFO - Consola del contenedor s1 abierta correctamente
2025-05-01 11:31:44,990 - INFO - Consola del contenedor s2 abierta correctamente
2025-05-01 11:31:44,994 - INFO - Consola del contenedor s3 abierta correctamente
2025-05-01 11:31:44,997 - INFO - Consola del contenedor s4 abierta correctamente
2025-05-01 11:31:45,000 - INFO - Consola del contenedor cl abierta correctamente
2025-05-01 11:31:45,004 - INFO - Consola del contenedor lb abierta correctamente
2025-05-01 11:31:51,338 - INFO - Listando contenedores
2025-05-01 11:48:05,870 - INFO - Eliminando toda la infraestructura
2025-05-01 11:48:05,966 - INFO - Imagen local eliminada con éxito.
2025-05-01 11:48:07,762 - INFO - Contenedor eliminado: s1
2025-05-01 11:48:09,457 - INFO - Contenedor eliminado: s2
2025-05-01 11:48:11,174 - INFO - Contenedor eliminado: s3
2025-05-01 11:48:13,069 - INFO - Contenedor eliminado: s4
2025-05-01 11:48:15,071 - INFO - Contenedor eliminado: cl
2025-05-01 11:48:17,014 - INFO - Contenedor eliminado: lb
2025-05-01 11:48:17,027 - INFO - Bridge eliminado: lxdbr0
2025-05-01 11:48:17,426 - INFO - Bridge eliminado: lxdbr1
2025-05-01 11:48:17,426 - INFO - Eliminación completada.
2025-05-01 11:49:38,865 - INFO - Iniciando creación de infraestructura con 1 servidores
2025-05-01 11:49:40,529 - INFO - Imagen ubuntu2004 importada con éxito.
2025-05-01 11:49:40,562 - INFO - 134.3.0.1/24 asignada correctamente al bridge: lxdbr0
2025-05-01 11:49:40,621 - INFO - Bridge configurado correctamente: lxdbr0
2025-05-01 11:49:42,270 - INFO - Bridge creado: lxdbr1
2025-05-01 11:49:43,209 - INFO - 134.3.1.1/24 asignada correctamente al bridge: lxdbr1
2025-05-01 11:49:46,752 - INFO - Bridge configurado correctamente: lxdbr1
2025-05-01 11:49:56,508 - INFO - Contenedor s1 creado con éxito.
2025-05-01 11:49:56,544 - INFO - Conectando s1 al bridge lxdbr0 por eth0
2025-05-01 11:49:56,573 - INFO - Contenedor s1 conectado a eth0 con ip 134.3.0.11 
2025-05-01 11:50:06,565 - INFO - Contenedor lb creado con éxito.
2025-05-01 11:50:06,641 - INFO - Conectando lb al bridge lxdbr0 por eth0
2025-05-01 11:50:06,678 - INFO - Contenedor lb conectado a eth0 con ip 134.3.0.10 
2025-05-01 11:50:06,719 - INFO - Conectando lb al bridge lxdbr1 por eth1
2025-05-01 11:50:06,759 - INFO - Contenedor lb conectado a eth1 con ip 134.3.1.10 
2025-05-01 11:50:07,270 - INFO - Contenedor iniciado: lb
2025-05-01 11:50:30,623 - INFO - Contenedor parado: lb
2025-05-01 11:50:40,303 - INFO - Contenedor cl creado con éxito.
2025-05-01 11:51:51,452 - INFO - Eliminando toda la infraestructura
2025-05-01 11:51:51,542 - INFO - Imagen local eliminada con éxito.
2025-05-01 11:51:52,339 - INFO - Contenedor eliminado: s1
2025-05-01 11:52:49,524 - INFO - Iniciando creación de infraestructura con 1 servidores
2025-05-01 11:52:51,189 - INFO - Imagen ubuntu2004 importada con éxito.
2025-05-01 11:52:51,226 - INFO - 134.3.0.1/24 asignada correctamente al bridge: lxdbr0
2025-05-01 11:52:51,294 - INFO - Bridge configurado correctamente: lxdbr0
2025-05-01 11:52:52,910 - INFO - Bridge creado: lxdbr1
2025-05-01 11:52:53,838 - INFO - 134.3.1.1/24 asignada correctamente al bridge: lxdbr1
2025-05-01 11:52:57,478 - INFO - Bridge configurado correctamente: lxdbr1
2025-05-01 11:53:07,162 - INFO - Contenedor s1 creado con éxito.
2025-05-01 11:53:07,199 - INFO - Conectando s1 al bridge lxdbr0 por eth0
2025-05-01 11:53:07,227 - INFO - Contenedor s1 conectado a eth0 con ip 134.3.0.11 
2025-05-01 11:53:17,353 - INFO - Contenedor lb creado con éxito.
2025-05-01 11:53:17,387 - INFO - Conectando lb al bridge lxdbr0 por eth0
2025-05-01 11:53:17,415 - INFO - Contenedor lb conectado a eth0 con ip 134.3.0.10 
2025-05-01 11:53:17,452 - INFO - Conectando lb al bridge lxdbr1 por eth1
2025-05-01 11:53:17,496 - INFO - Contenedor lb conectado a eth1 con ip 134.3.1.10 
2025-05-01 11:53:18,078 - INFO - Contenedor iniciado: lb
2025-05-01 11:53:41,343 - INFO - Contenedor parado: lb
2025-05-01 11:53:51,050 - INFO - Contenedor cl creado con éxito.
2025-05-01 11:53:51,086 - INFO - Conectando cl al bridge lxdbr1 por eth1
2025-05-01 11:53:51,123 - INFO - Contenedor cl conectado a eth1 con ip 134.3.1.11 
2025-05-01 11:53:51,566 - INFO - Contenedor iniciado: cl
2025-05-01 11:54:36,639 - INFO - Contenedor parado: cl
2025-05-01 11:54:36,640 - INFO - Número de servidores 1 guardados correctamente
2025-05-01 11:54:36,641 - INFO - Infraestructura creada correctamente.
2025-05-01 11:54:59,314 - INFO - Contenedor iniciado: s1
2025-05-01 11:54:59,771 - INFO - Contenedor iniciado: cl
2025-05-01 11:55:00,107 - INFO - Contenedor iniciado: lb
2025-05-01 11:55:00,107 - INFO - Todos los contenedores han sido iniciados
2025-05-01 11:55:00,108 - INFO - Consola del contenedor s1 abierta correctamente
2025-05-01 11:55:00,109 - INFO - Consola del contenedor cl abierta correctamente
2025-05-01 11:55:00,111 - INFO - Consola del contenedor lb abierta correctamente
2025-05-01 11:55:05,749 - INFO - Listando contenedores
2025-05-01 12:16:32,841 - INFO - Eliminando toda la infraestructura
2025-05-01 12:16:32,928 - INFO - Imagen local eliminada con éxito.
2025-05-01 12:16:34,705 - INFO - Contenedor eliminado: s1
2025-05-01 12:16:36,675 - INFO - Contenedor eliminado: cl
2025-05-01 12:16:38,875 - INFO - Contenedor eliminado: lb
2025-05-01 12:16:39,193 - INFO - Bridge eliminado: lxdbr1
2025-05-01 12:16:39,193 - INFO - Eliminación completada.
2025-05-01 12:17:13,539 - INFO - Iniciando creación de infraestructura con 1 servidores
2025-05-01 12:17:15,286 - INFO - Imagen ubuntu2004 importada con éxito.
2025-05-01 12:17:15,343 - INFO - 134.3.0.1/24 asignada correctamente al bridge: lxdbr0
2025-05-01 12:17:15,402 - INFO - Bridge configurado correctamente: lxdbr0
2025-05-01 12:17:17,015 - INFO - Bridge creado: lxdbr1
2025-05-01 12:17:17,897 - INFO - 134.3.1.1/24 asignada correctamente al bridge: lxdbr1
2025-05-01 12:17:21,461 - INFO - Bridge configurado correctamente: lxdbr1
2025-05-01 12:17:31,153 - INFO - Contenedor s1 creado con éxito.
2025-05-01 12:17:31,191 - INFO - Conectando s1 al bridge lxdbr0 por eth0
2025-05-01 12:17:31,222 - INFO - Contenedor s1 conectado a eth0 con ip 134.3.0.11 
2025-05-01 12:17:31,224 - INFO - Número de servidores 1 guardados correctamente
2025-05-01 12:17:31,224 - INFO - Número de servidores guardados correctamente
2025-05-01 12:17:41,393 - INFO - Contenedor lb creado con éxito.
2025-05-01 12:17:41,428 - INFO - Conectando lb al bridge lxdbr0 por eth0
2025-05-01 12:17:41,458 - INFO - Contenedor lb conectado a eth0 con ip 134.3.0.10 
2025-05-01 12:17:41,497 - INFO - Conectando lb al bridge lxdbr1 por eth1
2025-05-01 12:17:41,534 - INFO - Contenedor lb conectado a eth1 con ip 134.3.1.10 
2025-05-01 12:17:42,034 - INFO - Contenedor iniciado: lb
2025-05-01 12:18:05,603 - INFO - Contenedor parado: lb
2025-05-01 12:18:15,320 - INFO - Contenedor cl creado con éxito.
2025-05-01 12:18:15,355 - INFO - Conectando cl al bridge lxdbr1 por eth1
2025-05-01 12:18:15,384 - INFO - Contenedor cl conectado a eth1 con ip 134.3.1.11 
2025-05-01 12:18:15,777 - INFO - Contenedor iniciado: cl
2025-05-01 12:18:35,659 - INFO - Contenedor parado: cl
2025-05-01 12:18:35,659 - INFO - Infraestructura creada correctamente.
2025-05-01 12:18:41,490 - INFO - Contenedor iniciado: s1
2025-05-01 12:18:41,976 - INFO - Contenedor iniciado: cl
2025-05-01 12:18:42,432 - INFO - Contenedor iniciado: lb
2025-05-01 12:18:42,432 - INFO - Todos los contenedores han sido iniciados
2025-05-01 12:18:42,433 - INFO - Consola del contenedor s1 abierta correctamente
2025-05-01 12:18:42,439 - INFO - Consola del contenedor cl abierta correctamente
2025-05-01 12:18:42,442 - INFO - Consola del contenedor lb abierta correctamente
2025-05-01 12:18:48,397 - INFO - Listando contenedores
2025-05-01 12:18:56,981 - INFO - Contenedor parado: s1
2025-05-01 12:19:52,662 - INFO - Contenedor parado: cl
2025-05-01 12:19:57,199 - INFO - Contenedor parado: lb
2025-05-01 12:19:57,199 - INFO - Todos los contenedores han sido parados
2025-05-01 12:20:14,204 - INFO - Listando contenedores
2025-05-01 12:20:26,822 - INFO - Contenedor iniciado: s1
2025-05-01 12:20:27,291 - INFO - Contenedor iniciado: cl
2025-05-01 12:20:27,789 - INFO - Contenedor iniciado: lb
2025-05-01 12:20:27,789 - INFO - Todos los contenedores han sido iniciados
2025-05-01 12:20:27,797 - INFO - Consola del contenedor s1 abierta correctamente
2025-05-01 12:20:27,798 - INFO - Consola del contenedor cl abierta correctamente
2025-05-01 12:20:27,809 - INFO - Consola del contenedor lb abierta correctamente
2025-05-01 12:27:50,287 - INFO - Solicitado parar servidor: s1
2025-05-01 12:27:54,575 - INFO - Contenedor parado: s1
2025-05-01 12:27:54,575 - INFO - Servidor s1 detenido correctamente.
2025-05-01 12:29:47,924 - INFO - Solicitado arrancar servidor: s1
2025-05-01 12:29:48,271 - INFO - Contenedor iniciado: s1
2025-05-01 12:29:48,271 - INFO - Servidor s1 corriendo correctamente.
2025-05-01 12:29:53,687 - INFO - Listando contenedores
2025-05-01 12:33:04,245 - INFO - Listando contenedores
2025-05-01 12:37:20,329 - INFO - Solicitado parar servidor: s1
2025-05-01 12:37:24,657 - INFO - Contenedor parado: s1
2025-05-01 12:37:24,657 - INFO - Servidor s1 detenido correctamente.
2025-05-01 12:37:32,900 - INFO - Solicitado arrancar servidor: s1
2025-05-01 12:37:33,224 - INFO - Contenedor iniciado: s1
2025-05-01 12:37:33,224 - INFO - Servidor s1 corriendo correctamente.
2025-05-01 12:37:33,226 - INFO - Consola del contenedor s1 abierta correctamente
2025-05-01 12:44:07,003 - INFO - Eliminando toda la infraestructura
2025-05-01 12:44:07,168 - INFO - Imagen local eliminada con éxito.
2025-05-01 12:44:08,876 - INFO - Contenedor eliminado: s1
2025-05-01 12:44:10,920 - INFO - Contenedor eliminado: cl
2025-05-01 12:44:12,886 - INFO - Contenedor eliminado: lb
2025-05-01 12:44:13,247 - INFO - Bridge eliminado: lxdbr1
2025-05-01 12:44:13,247 - INFO - Eliminación completada.
2025-05-01 13:02:07,733 - INFO - Iniciando creación de infraestructura con 1 servidores
2025-05-01 13:02:09,414 - INFO - Imagen ubuntu2004 importada con éxito.
2025-05-01 13:02:09,442 - INFO - 134.3.0.1/24 asignada correctamente al bridge: lxdbr0
2025-05-01 13:02:09,505 - INFO - Bridge configurado correctamente: lxdbr0
2025-05-01 13:02:11,123 - INFO - Bridge creado: lxdbr1
2025-05-01 13:02:12,013 - INFO - 134.3.1.1/24 asignada correctamente al bridge: lxdbr1
2025-05-01 13:02:15,582 - INFO - Bridge configurado correctamente: lxdbr1
2025-05-01 13:02:25,216 - INFO - Contenedor s1 creado con éxito.
2025-05-01 13:02:25,256 - INFO - Conectando s1 al bridge lxdbr0 por eth0
2025-05-01 13:02:25,288 - INFO - Contenedor s1 conectado a eth0 con ip 134.3.0.11 
2025-05-01 13:02:25,289 - INFO - Número de servidores 1 guardados correctamente
2025-05-01 13:02:25,289 - INFO - Número de servidores guardados correctamente
2025-05-01 13:02:35,180 - INFO - Contenedor lb creado con éxito.
2025-05-01 13:02:35,229 - INFO - Conectando lb al bridge lxdbr0 por eth0
2025-05-01 13:02:35,266 - INFO - Contenedor lb conectado a eth0 con ip 134.3.0.10 
2025-05-01 13:02:35,311 - INFO - Conectando lb al bridge lxdbr1 por eth1
2025-05-01 13:02:35,351 - INFO - Contenedor lb conectado a eth1 con ip 134.3.1.10 
2025-05-01 13:02:35,750 - INFO - Contenedor iniciado: lb
2025-05-01 13:02:39,570 - INFO - Contenedor parado: lb
2025-05-01 13:02:49,380 - INFO - Contenedor cl creado con éxito.
2025-05-01 13:02:49,419 - INFO - Conectando cl al bridge lxdbr1 por eth1
2025-05-01 13:02:49,457 - INFO - Contenedor cl conectado a eth1 con ip 134.3.1.11 
2025-05-01 13:02:49,882 - INFO - Contenedor iniciado: cl
2025-05-01 13:02:53,357 - INFO - Contenedor parado: cl
2025-05-01 13:02:53,357 - INFO - Infraestructura creada correctamente.
2025-05-01 13:03:01,014 - INFO - Contenedor iniciado: s1
2025-05-01 13:03:01,402 - INFO - Contenedor iniciado: cl
2025-05-01 13:03:01,798 - INFO - Contenedor iniciado: lb
2025-05-01 13:03:01,798 - INFO - Todos los contenedores han sido iniciados
2025-05-01 13:03:01,799 - INFO - Consola del contenedor s1 abierta correctamente
2025-05-01 13:03:01,802 - INFO - Consola del contenedor cl abierta correctamente
2025-05-01 13:03:01,808 - INFO - Consola del contenedor lb abierta correctamente
2025-05-01 13:03:06,472 - INFO - Listando contenedores
2025-05-01 13:08:49,417 - INFO - Eliminando toda la infraestructura
2025-05-01 13:08:49,495 - INFO - Imagen local eliminada con éxito.
2025-05-01 13:08:51,217 - INFO - Contenedor eliminado: s1
2025-05-01 13:08:53,132 - INFO - Contenedor eliminado: cl
2025-05-01 13:08:55,155 - INFO - Contenedor eliminado: lb
2025-05-01 13:08:55,536 - INFO - Bridge eliminado: lxdbr1
2025-05-01 13:08:55,536 - INFO - Eliminación completada.
2025-05-01 13:09:47,571 - INFO - Listando contenedores
2025-05-01 13:09:50,760 - INFO - Iniciando creación de infraestructura con 1 servidores
2025-05-01 13:09:52,446 - INFO - Imagen ubuntu2004 importada con éxito.
2025-05-01 13:09:52,474 - INFO - 134.3.0.1/24 asignada correctamente al bridge: lxdbr0
2025-05-01 13:09:52,542 - INFO - Bridge configurado correctamente: lxdbr0
2025-05-01 13:09:54,156 - INFO - Bridge creado: lxdbr1
2025-05-01 13:09:55,014 - INFO - 134.3.1.1/24 asignada correctamente al bridge: lxdbr1
2025-05-01 13:09:58,605 - INFO - Bridge configurado correctamente: lxdbr1
2025-05-01 13:10:08,341 - INFO - Contenedor s1 creado con éxito.
2025-05-01 13:10:08,377 - INFO - Conectando s1 al bridge lxdbr0 por eth0
2025-05-01 13:10:08,405 - INFO - Contenedor s1 conectado a eth0 con ip 134.3.0.11 
2025-05-01 13:10:08,407 - INFO - Número de servidores 1 guardados correctamente
2025-05-01 13:10:08,407 - INFO - Número de servidores guardados correctamente
2025-05-01 13:10:18,377 - INFO - Contenedor lb creado con éxito.
2025-05-01 13:10:18,427 - INFO - Conectando lb al bridge lxdbr0 por eth0
2025-05-01 13:10:18,473 - INFO - Contenedor lb conectado a eth0 con ip 134.3.0.10 
2025-05-01 13:10:18,562 - INFO - Conectando lb al bridge lxdbr1 por eth1
2025-05-01 13:10:18,605 - INFO - Contenedor lb conectado a eth1 con ip 134.3.1.10 
2025-05-01 13:10:19,714 - INFO - Contenedor iniciado: lb
2025-05-01 13:15:58,387 - INFO - Eliminando toda la infraestructura
2025-05-01 13:15:58,471 - INFO - Imagen local eliminada con éxito.
2025-05-01 13:15:59,277 - INFO - Contenedor eliminado: s1
2025-05-01 13:16:32,679 - INFO - Iniciando creación de infraestructura con 1 servidores
2025-05-01 13:16:34,346 - INFO - Imagen ubuntu2004 importada con éxito.
2025-05-01 13:16:34,379 - INFO - 134.3.0.1/24 asignada correctamente al bridge: lxdbr0
2025-05-01 13:16:34,442 - INFO - Bridge configurado correctamente: lxdbr0
2025-05-01 13:16:36,054 - INFO - Bridge creado: lxdbr1
2025-05-01 13:16:36,964 - INFO - 134.3.1.1/24 asignada correctamente al bridge: lxdbr1
2025-05-01 13:16:40,502 - INFO - Bridge configurado correctamente: lxdbr1
2025-05-01 13:16:50,282 - INFO - Contenedor s1 creado con éxito.
2025-05-01 13:16:50,317 - INFO - Conectando s1 al bridge lxdbr0 por eth0
2025-05-01 13:16:50,346 - INFO - Contenedor s1 conectado a eth0 con ip 134.3.0.11 
2025-05-01 13:16:50,348 - INFO - Número de servidores 1 guardados correctamente
2025-05-01 13:16:50,348 - INFO - Número de servidores guardados correctamente
2025-05-01 13:17:00,738 - INFO - Contenedor lb creado con éxito.
2025-05-01 13:17:00,778 - INFO - Conectando lb al bridge lxdbr0 por eth0
2025-05-01 13:17:00,809 - INFO - Contenedor lb conectado a eth0 con ip 134.3.0.10 
2025-05-01 13:17:00,883 - INFO - Conectando lb al bridge lxdbr1 por eth1
2025-05-01 13:17:00,913 - INFO - Contenedor lb conectado a eth1 con ip 134.3.1.10 
2025-05-01 13:17:01,370 - INFO - Contenedor iniciado: lb
2025-05-01 13:17:05,070 - INFO - Contenedor parado: lb
2025-05-01 13:17:15,333 - INFO - Contenedor cl creado con éxito.
2025-05-01 13:17:15,372 - INFO - Conectando cl al bridge lxdbr1 por eth1
2025-05-01 13:17:15,403 - INFO - Contenedor cl conectado a eth1 con ip 134.3.1.11 
2025-05-01 13:17:15,736 - INFO - Contenedor iniciado: cl
2025-05-01 13:23:57,741 - INFO - Eliminando toda la infraestructura
2025-05-01 13:23:57,822 - INFO - Imagen local eliminada con éxito.
2025-05-01 13:23:58,637 - INFO - Contenedor eliminado: s1
2025-05-01 13:24:00,565 - INFO - Contenedor eliminado: cl
2025-05-01 13:24:01,364 - INFO - Contenedor eliminado: lb
2025-05-01 13:24:01,705 - INFO - Bridge eliminado: lxdbr1
2025-05-01 13:24:01,705 - INFO - Eliminación completada.
2025-05-01 13:24:05,509 - INFO - Iniciando creación de infraestructura con 1 servidores
2025-05-01 13:24:07,194 - INFO - Imagen ubuntu2004 importada con éxito.
2025-05-01 13:24:07,221 - INFO - 134.3.0.1/24 asignada correctamente al bridge: lxdbr0
2025-05-01 13:24:07,281 - INFO - Bridge configurado correctamente: lxdbr0
2025-05-01 13:24:08,895 - INFO - Bridge creado: lxdbr1
2025-05-01 13:24:09,830 - INFO - 134.3.1.1/24 asignada correctamente al bridge: lxdbr1
2025-05-01 13:24:13,357 - INFO - Bridge configurado correctamente: lxdbr1
2025-05-01 13:24:23,123 - INFO - Contenedor s1 creado con éxito.
2025-05-01 13:24:23,170 - INFO - Conectando s1 al bridge lxdbr0 por eth0
2025-05-01 13:24:23,206 - INFO - Contenedor s1 conectado a eth0 con ip 134.3.0.11 
2025-05-01 13:24:23,208 - INFO - Número de servidores 1 guardados correctamente
2025-05-01 13:24:23,208 - INFO - Número de servidores guardados correctamente
2025-05-01 13:24:33,743 - INFO - Contenedor lb creado con éxito.
2025-05-01 13:24:33,783 - INFO - Conectando lb al bridge lxdbr0 por eth0
2025-05-01 13:24:33,811 - INFO - Contenedor lb conectado a eth0 con ip 134.3.0.10 
2025-05-01 13:24:33,849 - INFO - Conectando lb al bridge lxdbr1 por eth1
2025-05-01 13:24:33,884 - INFO - Contenedor lb conectado a eth1 con ip 134.3.1.10 
2025-05-01 13:24:34,328 - INFO - Contenedor iniciado: lb
2025-05-01 13:24:37,986 - INFO - Contenedor parado: lb
2025-05-01 13:24:48,218 - INFO - Contenedor cl creado con éxito.
2025-05-01 13:24:48,251 - INFO - Conectando cl al bridge lxdbr1 por eth1
2025-05-01 13:24:48,284 - INFO - Contenedor cl conectado a eth1 con ip 134.3.1.11 
2025-05-01 13:24:48,684 - INFO - Contenedor iniciado: cl
2025-05-01 13:24:52,331 - INFO - Contenedor parado: cl
2025-05-01 13:24:52,331 - INFO - Infraestructura creada correctamente.
2025-05-01 13:24:58,002 - INFO - Contenedor iniciado: s1
2025-05-01 13:24:58,343 - INFO - Contenedor iniciado: cl
2025-05-01 13:24:58,733 - INFO - Contenedor iniciado: lb
2025-05-01 13:24:58,733 - INFO - Todos los contenedores han sido iniciados
2025-05-01 13:24:58,734 - INFO - Consola del contenedor s1 abierta correctamente
2025-05-01 13:24:58,738 - INFO - Consola del contenedor cl abierta correctamente
2025-05-01 13:24:58,744 - INFO - Consola del contenedor lb abierta correctamente
2025-05-01 13:25:09,088 - INFO - Listando contenedores
2025-05-01 13:25:22,993 - INFO - Buscando servidor libre para crear...
2025-05-01 13:25:23,035 - INFO - Creando nuevo servidor disponible: s2
2025-05-01 13:25:34,894 - INFO - Contenedor s2 creado con éxito.
2025-05-01 13:25:34,967 - INFO - Conectando s2 al bridge lxdbr0 por eth0
2025-05-01 13:25:35,150 - INFO - Contenedor s2 conectado a eth0 con ip 134.3.0.12 
2025-05-01 13:25:35,151 - INFO - Servidor s2 creado correctamente con IP 134.3.0.12 
2025-05-01 13:25:47,407 - INFO - Listando contenedores
2025-05-01 13:25:56,642 - INFO - Solicitado arrancar servidor: s2
2025-05-01 13:25:57,717 - INFO - Contenedor iniciado: s2
2025-05-01 13:25:57,717 - INFO - Servidor s2 corriendo correctamente.
2025-05-01 13:25:57,719 - INFO - Consola del contenedor s2 abierta correctamente
2025-05-01 13:26:25,450 - INFO - Buscando último servidor para eliminar...
2025-05-01 13:26:25,508 - INFO - Eliminando servidor: s2
2025-05-01 13:26:27,352 - INFO - Contenedor eliminado: s2
2025-05-01 13:26:27,352 - INFO - Servidor s2 eliminado correctamente.
2025-05-01 13:26:51,906 - INFO - Listando contenedores
2025-05-01 13:27:00,094 - INFO - Buscando último servidor para eliminar...
2025-05-01 13:27:00,154 - INFO - Eliminando servidor: s1
2025-05-01 13:27:01,914 - INFO - Contenedor eliminado: s1
2025-05-01 13:27:01,914 - INFO - Servidor s1 eliminado correctamente.
2025-05-01 13:27:05,697 - INFO - Listando contenedores
2025-05-01 13:27:12,231 - INFO - Buscando servidor libre para crear...
2025-05-01 13:27:12,252 - INFO - Creando nuevo servidor disponible: s1
2025-05-01 13:27:22,165 - INFO - Contenedor s1 creado con éxito.
2025-05-01 13:27:22,205 - INFO - Conectando s1 al bridge lxdbr0 por eth0
2025-05-01 13:27:22,235 - INFO - Contenedor s1 conectado a eth0 con ip 134.3.0.11 
2025-05-01 13:27:22,235 - INFO - Servidor s1 creado correctamente con IP 134.3.0.11 
2025-05-01 13:27:44,456 - INFO - Buscando último servidor para eliminar...
2025-05-01 13:27:44,520 - INFO - Eliminando servidor: s1
2025-05-01 13:27:45,346 - INFO - Contenedor eliminado: s1
2025-05-01 13:27:45,346 - INFO - Servidor s1 eliminado correctamente.
2025-05-01 13:27:46,688 - INFO - Buscando último servidor para eliminar...
2025-05-01 13:27:46,751 - WARNING - No hay servidores creados. No se puede eliminar ninguno.
2025-05-01 13:27:50,182 - INFO - Buscando servidor libre para crear...
2025-05-01 13:27:50,195 - INFO - Creando nuevo servidor disponible: s1
2025-05-01 13:27:59,965 - INFO - Contenedor s1 creado con éxito.
2025-05-01 13:28:00,040 - INFO - Conectando s1 al bridge lxdbr0 por eth0
2025-05-01 13:28:00,081 - INFO - Contenedor s1 conectado a eth0 con ip 134.3.0.11 
2025-05-01 13:28:00,081 - INFO - Servidor s1 creado correctamente con IP 134.3.0.11 
2025-05-01 13:28:01,326 - INFO - Buscando servidor libre para crear...
2025-05-01 13:28:01,351 - INFO - Creando nuevo servidor disponible: s2
2025-05-01 13:28:11,112 - INFO - Contenedor s2 creado con éxito.
2025-05-01 13:28:11,151 - INFO - Conectando s2 al bridge lxdbr0 por eth0
2025-05-01 13:28:11,186 - INFO - Contenedor s2 conectado a eth0 con ip 134.3.0.12 
2025-05-01 13:28:11,187 - INFO - Servidor s2 creado correctamente con IP 134.3.0.12 
2025-05-01 13:28:12,800 - INFO - Buscando servidor libre para crear...
2025-05-01 13:28:12,842 - INFO - Creando nuevo servidor disponible: s3
2025-05-01 13:28:22,796 - INFO - Contenedor s3 creado con éxito.
2025-05-01 13:28:22,840 - INFO - Conectando s3 al bridge lxdbr0 por eth0
2025-05-01 13:28:22,871 - INFO - Contenedor s3 conectado a eth0 con ip 134.3.0.13 
2025-05-01 13:28:22,871 - INFO - Servidor s3 creado correctamente con IP 134.3.0.13 
2025-05-01 13:28:28,615 - INFO - Buscando servidor libre para crear...
2025-05-01 13:28:28,682 - INFO - Creando nuevo servidor disponible: s4
2025-05-01 13:28:38,589 - INFO - Contenedor s4 creado con éxito.
2025-05-01 13:28:38,628 - INFO - Conectando s4 al bridge lxdbr0 por eth0
2025-05-01 13:28:38,659 - INFO - Contenedor s4 conectado a eth0 con ip 134.3.0.14 
2025-05-01 13:28:38,659 - INFO - Servidor s4 creado correctamente con IP 134.3.0.14 
2025-05-01 13:28:40,886 - INFO - Buscando servidor libre para crear...
2025-05-01 13:28:40,963 - INFO - Creando nuevo servidor disponible: s5
2025-05-01 13:28:51,933 - INFO - Contenedor s5 creado con éxito.
2025-05-01 13:28:51,981 - INFO - Conectando s5 al bridge lxdbr0 por eth0
2025-05-01 13:28:52,018 - INFO - Contenedor s5 conectado a eth0 con ip 134.3.0.15 
2025-05-01 13:28:52,018 - INFO - Servidor s5 creado correctamente con IP 134.3.0.15 
2025-05-01 13:28:52,951 - INFO - Buscando servidor libre para crear...
2025-05-01 13:28:53,024 - WARNING - Ya existen 5  servidores. No se puede crear más.
2025-05-01 13:32:16,282 - INFO - Buscando servidor libre para crear...
2025-05-01 13:32:16,355 - WARNING - Ya existen 5  servidores. No se puede crear más.
2025-05-01 13:32:30,484 - INFO - Listando contenedores
2025-05-01 13:32:34,647 - INFO - Buscando último servidor para eliminar...
2025-05-01 13:32:34,666 - INFO - Eliminando servidor: s5
2025-05-01 13:32:35,469 - INFO - Contenedor eliminado: s5
2025-05-01 13:32:35,469 - INFO - Servidor s5 eliminado correctamente.
2025-05-01 13:32:36,401 - INFO - Buscando último servidor para eliminar...
2025-05-01 13:32:36,426 - INFO - Eliminando servidor: s4
2025-05-01 13:32:37,218 - INFO - Contenedor eliminado: s4
2025-05-01 13:32:37,218 - INFO - Servidor s4 eliminado correctamente.
2025-05-01 13:32:38,140 - INFO - Buscando último servidor para eliminar...
2025-05-01 13:32:38,180 - INFO - Eliminando servidor: s3
2025-05-01 13:32:38,932 - INFO - Contenedor eliminado: s3
2025-05-01 13:32:38,932 - INFO - Servidor s3 eliminado correctamente.
2025-05-01 13:32:39,840 - INFO - Buscando último servidor para eliminar...
2025-05-01 13:32:39,893 - INFO - Eliminando servidor: s2
2025-05-01 13:32:40,694 - INFO - Contenedor eliminado: s2
2025-05-01 13:32:40,694 - INFO - Servidor s2 eliminado correctamente.
2025-05-01 13:32:41,504 - INFO - Buscando último servidor para eliminar...
2025-05-01 13:32:41,570 - INFO - Eliminando servidor: s1
2025-05-01 13:32:42,417 - INFO - Contenedor eliminado: s1
2025-05-01 13:32:42,417 - INFO - Servidor s1 eliminado correctamente.
2025-05-01 13:32:44,483 - INFO - Buscando último servidor para eliminar...
2025-05-01 13:32:44,538 - WARNING - No hay servidores creados. No se puede eliminar ninguno.
2025-05-01 13:36:26,975 - INFO - Iniciando creación de infraestructura con 1 servidores
2025-05-01 13:36:32,055 - INFO - Imagen ubuntu2004 importada con éxito.
2025-05-01 13:48:57,558 - INFO - Iniciando creación de infraestructura con 1 servidores
2025-05-01 13:48:59,226 - INFO - Imagen ubuntu2004 importada con éxito.
2025-05-01 13:49:00,842 - INFO - Bridge creado: lxdbr0
2025-05-01 13:49:01,730 - INFO - 134.3.0.1/24 asignada correctamente al bridge: lxdbr0
2025-05-01 13:49:05,087 - INFO - Bridge configurado correctamente: lxdbr0
2025-05-01 13:49:06,703 - INFO - Bridge creado: lxdbr1
2025-05-01 13:49:07,561 - INFO - 134.3.1.1/24 asignada correctamente al bridge: lxdbr1
2025-05-01 13:49:10,986 - INFO - Bridge configurado correctamente: lxdbr1
2025-05-01 13:49:20,647 - INFO - Contenedor s1 creado con éxito.
2025-05-01 13:49:20,681 - INFO - Conectando s1 al bridge lxdbr0 por eth0
2025-05-01 13:49:20,709 - INFO - Contenedor s1 conectado a eth0 con ip 134.3.0.11 
2025-05-01 13:49:20,710 - INFO - Número de servidores 1 guardados correctamente
2025-05-01 13:49:20,711 - INFO - Número de servidores guardados correctamente
2025-05-01 13:49:30,619 - INFO - Contenedor lb creado con éxito.
2025-05-01 13:49:30,651 - INFO - Conectando lb al bridge lxdbr0 por eth0
2025-05-01 13:49:30,682 - INFO - Contenedor lb conectado a eth0 con ip 134.3.0.10 
2025-05-01 13:49:30,721 - INFO - Conectando lb al bridge lxdbr1 por eth1
2025-05-01 13:49:30,751 - INFO - Contenedor lb conectado a eth1 con ip 134.3.1.10 
2025-05-01 13:49:31,104 - INFO - Contenedor iniciado: lb
2025-05-01 13:49:35,017 - INFO - Contenedor parado: lb
2025-05-01 13:49:45,055 - INFO - Contenedor cl creado con éxito.
2025-05-01 13:49:45,095 - INFO - Conectando cl al bridge lxdbr1 por eth1
2025-05-01 13:49:45,129 - INFO - Contenedor cl conectado a eth1 con ip 134.3.1.11 
2025-05-01 13:49:45,508 - INFO - Contenedor iniciado: cl
2025-05-01 13:49:48,431 - INFO - Contenedor parado: cl
2025-05-01 13:49:48,431 - INFO - Infraestructura creada correctamente.
2025-05-01 13:49:55,669 - INFO - Contenedor iniciado: s1
2025-05-01 13:49:55,924 - INFO - Contenedor iniciado: cl
2025-05-01 13:49:56,310 - INFO - Contenedor iniciado: lb
2025-05-01 13:49:56,310 - INFO - Todos los contenedores han sido iniciados
2025-05-01 13:49:56,316 - INFO - Consola del contenedor s1 abierta correctamente
2025-05-01 13:49:56,319 - INFO - Consola del contenedor cl abierta correctamente
2025-05-01 13:49:56,338 - INFO - Consola del contenedor lb abierta correctamente
2025-05-01 13:50:00,724 - INFO - Listando contenedores
2025-05-04 11:21:02,028 - INFO - Iniciando creación de infraestructura con 2 servidores
2025-05-04 11:21:07,805 - INFO - Imagen ubuntu2004 importada con éxito.
2025-05-04 11:21:08,669 - INFO - 134.3.0.1/24 asignada correctamente al bridge: lxdbr0
2025-05-04 11:21:12,110 - INFO - Bridge configurado correctamente: lxdbr0
2025-05-04 11:21:13,763 - INFO - Bridge creado: lxdbr1
2025-05-04 11:21:14,597 - INFO - 134.3.1.1/24 asignada correctamente al bridge: lxdbr1
2025-05-04 11:21:18,126 - INFO - Bridge configurado correctamente: lxdbr1
2025-05-04 11:21:27,890 - INFO - Contenedor s1 creado con éxito.
2025-05-04 11:21:27,942 - INFO - Conectando s1 al bridge lxdbr0 por eth0
2025-05-04 11:21:27,975 - INFO - Contenedor s1 conectado a eth0 con ip 134.3.0.11 
2025-05-04 11:21:37,818 - INFO - Contenedor s2 creado con éxito.
2025-05-04 11:21:37,866 - INFO - Conectando s2 al bridge lxdbr0 por eth0
2025-05-04 11:21:37,894 - INFO - Contenedor s2 conectado a eth0 con ip 134.3.0.12 
2025-05-04 11:21:37,896 - INFO - Número de servidores 2 guardados correctamente
2025-05-04 11:21:37,896 - INFO - Número de servidores guardados correctamente
2025-05-04 11:21:48,422 - INFO - Contenedor lb creado con éxito.
2025-05-04 11:21:48,471 - INFO - Conectando lb al bridge lxdbr0 por eth0
2025-05-04 11:21:48,518 - INFO - Contenedor lb conectado a eth0 con ip 134.3.0.10 
2025-05-04 11:21:48,597 - INFO - Conectando lb al bridge lxdbr1 por eth1
2025-05-04 11:21:48,626 - INFO - Contenedor lb conectado a eth1 con ip 134.3.1.10 
2025-05-04 11:21:49,042 - INFO - Contenedor iniciado: lb
2025-05-04 11:21:52,615 - INFO - Contenedor parado: lb
2025-05-04 11:22:02,527 - INFO - Contenedor cl creado con éxito.
2025-05-04 11:22:02,570 - INFO - Conectando cl al bridge lxdbr1 por eth1
2025-05-04 11:22:02,604 - INFO - Contenedor cl conectado a eth1 con ip 134.3.1.11 
2025-05-04 11:22:03,261 - INFO - Contenedor iniciado: cl
2025-05-04 11:22:06,817 - INFO - Contenedor parado: cl
2025-05-04 11:22:06,817 - INFO - Infraestructura creada correctamente.
2025-05-04 11:22:14,236 - INFO - Listando contenedores
2025-05-04 11:22:18,055 - INFO - Contenedor iniciado: s1
2025-05-04 11:22:18,326 - INFO - Contenedor iniciado: s2
2025-05-04 11:22:18,752 - INFO - Contenedor iniciado: cl
2025-05-04 11:22:19,197 - INFO - Contenedor iniciado: lb
2025-05-04 11:22:19,197 - INFO - Todos los contenedores han sido iniciados
2025-05-04 11:22:19,206 - INFO - Consola del contenedor s1 abierta correctamente
2025-05-04 11:22:19,207 - INFO - Consola del contenedor s2 abierta correctamente
2025-05-04 11:22:19,212 - INFO - Consola del contenedor cl abierta correctamente
2025-05-04 11:22:19,214 - INFO - Consola del contenedor lb abierta correctamente
2025-05-04 11:22:23,342 - INFO - Listando contenedores
2025-05-04 11:24:24,162 - INFO - Contenedor parado: s1
2025-05-04 11:24:28,452 - INFO - Contenedor parado: s2
2025-05-04 11:24:32,867 - INFO - Contenedor parado: cl
2025-05-04 11:24:37,337 - INFO - Contenedor parado: lb
2025-05-04 11:24:37,337 - INFO - Todos los contenedores han sido parados
2025-05-04 11:24:37,378 - INFO - Consolas cerradas correctamente
2025-05-04 11:24:44,913 - INFO - Listando contenedores
2025-05-04 11:24:54,688 - INFO - Contenedor iniciado: s1
2025-05-04 11:24:54,954 - INFO - Contenedor iniciado: s2
2025-05-04 11:24:55,399 - INFO - Contenedor iniciado: cl
2025-05-04 11:24:55,881 - INFO - Contenedor iniciado: lb
2025-05-04 11:24:55,881 - INFO - Todos los contenedores han sido iniciados
2025-05-04 11:24:55,882 - INFO - Consola del contenedor s1 abierta correctamente
2025-05-04 11:24:55,882 - INFO - Consola del contenedor s2 abierta correctamente
2025-05-04 11:24:55,885 - INFO - Consola del contenedor cl abierta correctamente
2025-05-04 11:24:55,888 - INFO - Consola del contenedor lb abierta correctamente
2025-05-04 12:09:40,258 - INFO - Listando contenedores
2025-05-04 12:09:49,808 - INFO - Buscando servidor libre para crear...
2025-05-04 12:09:49,859 - INFO - Creando nuevo servidor disponible: s3
2025-05-04 12:09:59,718 - INFO - Contenedor s3 creado con éxito.
2025-05-04 12:09:59,836 - INFO - Conectando s3 al bridge lxdbr0 por eth0
2025-05-04 12:09:59,864 - INFO - Contenedor s3 conectado a eth0 con ip 134.3.0.13 
2025-05-04 12:09:59,864 - INFO - Servidor s3 creado correctamente con IP 134.3.0.13 
2025-05-04 12:10:03,079 - INFO - Listando contenedores
2025-05-04 12:10:13,029 - INFO - Solicitado arrancar servidor: s3
2025-05-04 12:10:13,436 - INFO - Contenedor iniciado: s3
2025-05-04 12:10:13,436 - INFO - Servidor s3 corriendo correctamente.
2025-05-04 12:10:13,438 - INFO - Consola del contenedor s3 abierta correctamente
2025-05-04 12:10:16,700 - INFO - Listando contenedores
2025-05-04 12:10:30,920 - INFO - Eliminando toda la infraestructura
2025-05-04 12:10:31,004 - INFO - Imagen local eliminada con éxito.
2025-05-04 12:10:33,058 - INFO - Contenedor eliminado: s1
2025-05-04 12:10:35,084 - INFO - Contenedor eliminado: s2
2025-05-04 12:10:37,065 - INFO - Contenedor eliminado: cl
2025-05-04 12:10:38,990 - INFO - Contenedor eliminado: lb
2025-05-04 12:10:39,333 - INFO - Bridge eliminado: lxdbr1
2025-05-04 12:10:39,333 - INFO - Eliminación completada.
2025-05-04 12:13:21,476 - INFO - Iniciando creación de infraestructura con 1 servidores
2025-05-04 12:13:23,559 - INFO - Imagen ubuntu2004 importada con éxito.
2025-05-04 12:13:23,597 - INFO - 134.3.0.1/24 asignada correctamente al bridge: lxdbr0
2025-05-04 12:13:23,660 - INFO - Bridge configurado correctamente: lxdbr0
2025-05-04 12:13:25,268 - INFO - Bridge creado: lxdbr1
2025-05-04 12:13:26,146 - INFO - 134.3.1.1/24 asignada correctamente al bridge: lxdbr1
2025-05-04 12:13:29,661 - INFO - Bridge configurado correctamente: lxdbr1
2025-05-04 12:13:39,419 - INFO - Contenedor s1 creado con éxito.
2025-05-04 12:13:39,469 - INFO - Conectando s1 al bridge lxdbr0 por eth0
2025-05-04 12:13:39,504 - INFO - Contenedor s1 conectado a eth0 con ip 134.3.0.11 
2025-05-04 12:13:39,505 - INFO - Número de servidores 1 guardados correctamente
2025-05-04 12:13:39,505 - INFO - Número de servidores guardados correctamente
2025-05-04 12:13:49,503 - INFO - Contenedor lb creado con éxito.
2025-05-04 12:13:49,556 - INFO - Conectando lb al bridge lxdbr0 por eth0
2025-05-04 12:13:49,589 - INFO - Contenedor lb conectado a eth0 con ip 134.3.0.10 
2025-05-04 12:13:49,644 - INFO - Conectando lb al bridge lxdbr1 por eth1
2025-05-04 12:13:49,680 - INFO - Contenedor lb conectado a eth1 con ip 134.3.1.10 
2025-05-04 12:13:50,206 - INFO - Contenedor iniciado: lb
2025-05-04 12:13:52,356 - INFO - Configuración de red aplicada en el contenedor lb.
2025-05-04 12:13:53,837 - INFO - Contenedor parado: lb
2025-05-04 12:14:03,759 - INFO - Contenedor cl creado con éxito.
2025-05-04 12:14:03,806 - INFO - Conectando cl al bridge lxdbr1 por eth1
2025-05-04 12:14:03,839 - INFO - Contenedor cl conectado a eth1 con ip 134.3.1.11 
2025-05-04 12:14:04,392 - INFO - Contenedor iniciado: cl
2025-05-04 12:14:06,440 - INFO - Configuración de red aplicada en el contenedor cl.
2025-05-04 12:14:07,863 - INFO - Contenedor parado: cl
2025-05-04 12:14:07,863 - INFO - Infraestructura creada correctamente.
2025-05-04 12:17:00,214 - INFO - Contenedor iniciado: s1
2025-05-04 12:17:00,621 - INFO - Contenedor iniciado: cl
2025-05-04 12:17:01,056 - INFO - Contenedor iniciado: lb
2025-05-04 12:17:01,056 - INFO - Todos los contenedores han sido iniciados correctamente
2025-05-04 12:17:01,057 - INFO - Consola del contenedor s1 abierta correctamente
2025-05-04 12:17:01,058 - INFO - Consola del contenedor cl abierta correctamente
2025-05-04 12:17:01,062 - INFO - Consola del contenedor lb abierta correctamente
2025-05-04 12:17:04,944 - INFO - Listando contenedores
2025-05-04 12:17:11,718 - INFO - Buscando servidor libre para crear...
2025-05-04 12:17:11,753 - INFO - Creando nuevo servidor disponible: s2
2025-05-04 12:17:24,806 - INFO - Contenedor s2 creado con éxito.
2025-05-04 12:17:24,919 - INFO - Conectando s2 al bridge lxdbr0 por eth0
2025-05-04 12:17:24,960 - INFO - Contenedor s2 conectado a eth0 con ip 134.3.0.12 
2025-05-04 12:17:24,960 - INFO - Servidor s2 creado correctamente con IP 134.3.0.12 
2025-05-04 12:20:29,437 - INFO - Solicitado arrancar servidor: s2
2025-05-04 12:20:29,764 - INFO - Contenedor iniciado: s2
2025-05-04 12:20:29,765 - INFO - Servidor s2 corriendo correctamente.
2025-05-04 12:20:29,767 - INFO - Consola del contenedor s2 abierta correctamente
2025-05-04 12:20:33,474 - INFO - Listando contenedores
2025-05-04 12:20:41,009 - INFO - Eliminando toda la infraestructura
2025-05-04 12:20:41,100 - INFO - Imagen local eliminada con éxito.
2025-05-04 12:20:43,238 - INFO - Contenedor eliminado: s1
2025-05-04 12:20:45,301 - INFO - Contenedor eliminado: cl
2025-05-04 12:20:47,374 - INFO - Contenedor eliminado: lb
2025-05-04 12:20:47,669 - INFO - Bridge eliminado: lxdbr1
2025-05-04 12:20:47,669 - INFO - Eliminación completada.
2025-05-04 12:22:12,059 - INFO - Iniciando creación de infraestructura con 1 servidores
2025-05-04 12:22:13,781 - INFO - Imagen ubuntu2004 importada con éxito.
2025-05-04 12:22:13,810 - INFO - 134.3.0.1/24 asignada correctamente al bridge: lxdbr0
2025-05-04 12:22:13,877 - INFO - Bridge configurado correctamente: lxdbr0
2025-05-04 12:22:15,551 - INFO - Bridge creado: lxdbr1
2025-05-04 12:22:16,464 - INFO - 134.3.1.1/24 asignada correctamente al bridge: lxdbr1
2025-05-04 12:22:19,981 - INFO - Bridge configurado correctamente: lxdbr1
2025-05-04 12:22:29,752 - INFO - Contenedor s1 creado con éxito.
2025-05-04 12:22:29,811 - INFO - Conectando s1 al bridge lxdbr0 por eth0
2025-05-04 12:22:29,837 - INFO - Contenedor s1 conectado a eth0 con ip 134.3.0.11 
2025-05-04 12:22:29,839 - INFO - Número de servidores 1 guardados correctamente
2025-05-04 12:22:29,839 - INFO - Número de servidores guardados correctamente
2025-05-04 12:22:39,768 - INFO - Contenedor lb creado con éxito.
2025-05-04 12:22:39,822 - INFO - Conectando lb al bridge lxdbr0 por eth0
2025-05-04 12:22:39,855 - INFO - Contenedor lb conectado a eth0 con ip 134.3.0.10 
2025-05-04 12:22:39,908 - INFO - Conectando lb al bridge lxdbr1 por eth1
2025-05-04 12:22:39,948 - INFO - Contenedor lb conectado a eth1 con ip 134.3.1.10 
2025-05-04 12:22:40,517 - INFO - Contenedor iniciado: lb
2025-05-04 12:22:42,579 - INFO - Configuración de red aplicada en el contenedor lb.
2025-05-04 12:22:44,020 - INFO - Contenedor parado: lb
2025-05-04 12:22:53,896 - INFO - Contenedor cl creado con éxito.
2025-05-04 12:22:53,943 - INFO - Conectando cl al bridge lxdbr1 por eth1
2025-05-04 12:22:53,973 - INFO - Contenedor cl conectado a eth1 con ip 134.3.1.11 
2025-05-04 12:22:54,477 - INFO - Contenedor iniciado: cl
2025-05-04 12:22:56,693 - INFO - Configuración de red aplicada en el contenedor cl.
2025-05-04 12:22:59,353 - INFO - Contenedor parado: cl
2025-05-04 12:22:59,353 - INFO - Infraestructura creada correctamente.
2025-05-04 12:23:03,294 - INFO - Buscando servidor libre para crear...
2025-05-04 12:23:03,319 - INFO - Creando nuevo servidor disponible: s2
2025-05-04 12:23:13,249 - INFO - Contenedor s2 creado con éxito.
2025-05-04 12:23:13,358 - INFO - Conectando s2 al bridge lxdbr0 por eth0
2025-05-04 12:23:13,573 - INFO - Contenedor s2 conectado a eth0 con ip 134.3.0.12 
2025-05-04 12:23:13,573 - INFO - Servidor s2 creado correctamente con IP 134.3.0.12 
2025-05-04 12:23:13,576 - INFO - Número de servidores 2 guardados correctamente
2025-05-04 12:23:19,528 - INFO - Contenedor iniciado: s1
2025-05-04 12:23:19,800 - INFO - Contenedor iniciado: s2
2025-05-04 12:23:20,208 - INFO - Contenedor iniciado: cl
2025-05-04 12:23:20,655 - INFO - Contenedor iniciado: lb
2025-05-04 12:23:20,655 - INFO - Todos los contenedores han sido iniciados correctamente
2025-05-04 12:23:20,656 - INFO - Consola del contenedor s1 abierta correctamente
2025-05-04 12:23:20,657 - INFO - Consola del contenedor s2 abierta correctamente
2025-05-04 12:23:20,658 - INFO - Consola del contenedor cl abierta correctamente
2025-05-04 12:23:20,664 - INFO - Consola del contenedor lb abierta correctamente
2025-05-04 12:23:30,182 - INFO - Listando contenedores
2025-05-04 12:23:49,682 - INFO - Contenedor parado: s1
2025-05-04 12:23:51,949 - INFO - Contenedor parado: s2
2025-05-04 12:23:54,921 - INFO - Contenedor parado: cl
2025-05-04 12:23:56,724 - INFO - Contenedor parado: lb
2025-05-04 12:23:56,724 - INFO - Todos los contenedores han sido parados
2025-05-04 12:23:56,768 - INFO - Consolas cerradas correctamente
2025-05-04 12:24:01,884 - INFO - Solicitado arrancar servidor: s1
2025-05-04 12:24:02,228 - INFO - Contenedor iniciado: s1
2025-05-04 12:24:02,228 - INFO - Servidor s1 corriendo correctamente.
2025-05-04 12:24:02,230 - INFO - Consola del contenedor s1 abierta correctamente
2025-05-04 12:24:05,399 - INFO - Solicitado arrancar servidor: s2
2025-05-04 12:24:05,659 - INFO - Contenedor iniciado: s2
2025-05-04 12:24:05,659 - INFO - Servidor s2 corriendo correctamente.
2025-05-04 12:24:05,660 - INFO - Consola del contenedor s2 abierta correctamente
2025-05-04 12:24:14,088 - INFO - Solicitado parar servidor: s1
2025-05-04 12:24:15,784 - INFO - Contenedor parado: s1
2025-05-04 12:24:15,784 - INFO - Servidor s1 detenido correctamente.
2025-05-04 12:24:23,762 - INFO - Listando contenedores
2025-05-04 12:24:36,989 - INFO - Buscando último servidor para eliminar...
2025-05-04 12:24:37,042 - INFO - Eliminando servidor: s2
2025-05-04 12:24:38,801 - INFO - Contenedor eliminado: s2
2025-05-04 12:24:38,801 - INFO - Servidor s2 eliminado correctamente.
2025-05-04 12:24:38,803 - INFO - Número de servidores 1 guardados correctamente
2025-05-04 12:24:45,517 - INFO - Eliminando toda la infraestructura
2025-05-04 12:24:45,593 - INFO - Imagen local eliminada con éxito.
2025-05-04 12:24:46,531 - INFO - Contenedor eliminado: s1
2025-05-04 12:24:47,341 - INFO - Contenedor eliminado: cl
2025-05-04 12:24:48,167 - INFO - Contenedor eliminado: lb
2025-05-04 12:24:48,578 - INFO - Bridge eliminado: lxdbr1
2025-05-04 12:24:48,578 - INFO - Eliminación completada.
